{"logTime":"0316/175618","correlationVector":"UjXEmMB7Yxv+2rtDIx/r4c.0","action":"SyncServerConnectionManagerRequest", "result":"SYNC_SERVER_OK", "context":{"environment":"", "server":""}}
{"logTime":"0316/175618","correlationVector":"7xCPx0Jesb+kjyaZ1xDx0A.1","action":"SyncServerConnectionManagerRequest", "result":"SYNC_SERVER_OK", "context":{"environment":"48F630A6-CB1B-4CC7-86AF-0F6627234B58", "server":"AM3PEPF000009A3"}}
{"logTime":"0316/175618","correlationVector":"fBJjdWCtdPJc+iknJaVpZb.1","action":"SyncServerConnectionManagerRequest", "result":"SYNC_SERVER_OK", "context":{"environment":"48F630A6-CB1B-4CC7-86AF-0F6627234B58", "server":"AM3PEPF000009A3"}}
{"logTime":"0316/175618","correlationVector":"7xCPx0Jesb+kjyaZ1xDx0A","action":"Initial GetUpdates", "result":""}
{"logTime":"0316/175618","correlationVector":"7xCPx0Jesb+kjyaZ1xDx0A.2","action":"GetUpdates Response", "result":"SERVER_MORE_TO_DOWNLOAD"}
{"logTime":"0316/175618","correlationVector":"fBJjdWCtdPJc+iknJaVpZb","action":"Initial GetUpdates", "result":""}
{"logTime":"0316/175618","correlationVector":"fBJjdWCtdPJc+iknJaVpZb.2","action":"GetUpdates Response", "result":"SYNCER_OK"}
{"logTime":"0316/175618","correlationVector":"+2v/l/OrIK7QxB27uAbkAo","action":"Initial GetUpdates", "result":""}
{"logTime":"0316/175618","correlationVector":"+2v/l/OrIK7QxB27uAbkAo.1","action":"SyncServerConnectionManagerRequest", "result":"SYNC_SERVER_OK", "context":{"environment":"48F630A6-CB1B-4CC7-86AF-0F6627234B58", "server":"AM3PEPF000009A3"}}
{"logTime":"0316/175618","correlationVector":"+2v/l/OrIK7QxB27uAbkAo.2","action":"GetUpdates Response", "result":"SERVER_MORE_TO_DOWNLOAD"}
{"logTime":"0316/175618","correlationVector":"Mx1Y4Z08oL7PhR3UgId3X3","action":"Initial GetUpdates", "result":""}
{"logTime":"0316/175619","correlationVector":"Mx1Y4Z08oL7PhR3UgId3X3.1","action":"SyncServerConnectionManagerRequest", "result":"SYNC_SERVER_OK", "context":{"environment":"48F630A6-CB1B-4CC7-86AF-0F6627234B58", "server":"AM3PEPF000009A3"}}
{"logTime":"0316/175619","correlationVector":"Mx1Y4Z08oL7PhR3UgId3X3.2","action":"GetUpdates Response", "result":"SYNCER_OK"}
{"logTime":"0316/175619","correlationVector":"+tQJGxEh9i9Ab0kgojK/lA","action":"Normal GetUpdate request", "result":""}
{"logTime":"0316/175619","correlationVector":"+tQJGxEh9i9Ab0kgojK/lA.1","action":"SyncServerConnectionManagerRequest", "result":"SYNC_SERVER_OK", "context":{"environment":"48F630A6-CB1B-4CC7-86AF-0F6627234B58", "server":"AM3PEPF000009A3"}}
{"logTime":"0316/175619","correlationVector":"+tQJGxEh9i9Ab0kgojK/lA.2","action":"GetUpdates Response", "result":"SYNCER_OK"}
{"logTime":"0316/175619","correlationVector":"fZkGVUTsokmLM8Bz0i/gOg","action":"Commit Request", "result":""}
{"logTime":"0316/175619","correlationVector":"fZkGVUTsokmLM8Bz0i/gOg.1","action":"SyncServerConnectionManagerRequest", "result":"SYNC_SERVER_OK", "context":{"environment":"48F630A6-CB1B-4CC7-86AF-0F6627234B58", "server":"AM3PEPF000009A3"}}
{"logTime":"0316/175619","correlationVector":"fZkGVUTsokmLM8Bz0i/gOg.2","action":"Commit Response", "result":"SYNCER_OK"}
{"logTime":"0316/175619","correlationVector":"RgAGhfepfXiG2skpSgM43r","action":"Normal GetUpdate request", "result":""}
{"logTime":"0316/175619","correlationVector":"RgAGhfepfXiG2skpSgM43r.1","action":"SyncServerConnectionManagerRequest", "result":"SYNC_SERVER_OK", "context":{"environment":"48F630A6-CB1B-4CC7-86AF-0F6627234B58", "server":"AM3PEPF000009A3"}}
{"logTime":"0316/175619","correlationVector":"RgAGhfepfXiG2skpSgM43r.2","action":"GetUpdates Response", "result":"SYNCER_OK"}
{"logTime":"0318/193718","correlationVector":"b/NbqLzg8aJm5WK7YNbzyn.0","action":"FeedSettingFetch_homeCloud", "result":"0", "context":{}}
{"logTime":"0318/193718","correlationVector":"b/NbqLzg8aJm5WK7YNbzyn.0","action":"SyncServerConnectionManagerRequest", "result":"SYNC_SERVER_OK", "context":{"environment":"", "server":""}}
{"logTime":"0318/193719","correlationVector":"hrdDChDSmejUjyFeXsAOmh","action":"Normal GetUpdate request", "result":""}
{"logTime":"0318/193719","correlationVector":"hrdDChDSmejUjyFeXsAOmh.1","action":"SyncServerConnectionManagerRequest", "result":"SYNC_SERVER_OK", "context":{"environment":"48F630A6-CB1B-4CC7-86AF-0F6627234B58", "server":"AM3PEPF0000096F"}}
{"logTime":"0318/193719","correlationVector":"hrdDChDSmejUjyFeXsAOmh.2","action":"GetUpdates Response", "result":"SYNCER_OK"}
{"logTime":"0318/193719","correlationVector":"co334r/+SqI4s7Map78G6p","action":"Commit Request", "result":""}
{"logTime":"0318/193719","correlationVector":"co334r/+SqI4s7Map78G6p","action":"SyncServerConnectionManagerRequest", "result":"CONNECTION_UNAVAILABLE", "context":{"error_type":"net_error_code", "error_value":"-3"}}
{"logTime":"0322/195833","correlationVector":"YewgqRGL/Wx+W5M+6noXPH.0","action":"FeedSettingFetch_homeCloud", "result":"0", "context":{}}
{"logTime":"0322/195833","correlationVector":"YewgqRGL/Wx+W5M+6noXPH.0","action":"SyncServerConnectionManagerRequest", "result":"SYNC_SERVER_OK", "context":{"environment":"", "server":""}}
{"logTime":"0322/195833","correlationVector":"3vNkmR9tUz4Eubm2aP5Ynw","action":"Normal GetUpdate request", "result":""}
{"logTime":"0322/195833","correlationVector":"3vNkmR9tUz4Eubm2aP5Ynw.1","action":"SyncServerConnectionManagerRequest", "result":"SYNC_SERVER_OK", "context":{"environment":"48F630A6-CB1B-4CC7-86AF-0F6627234B58", "server":"AM3PEPF00000971"}}
{"logTime":"0322/195833","correlationVector":"3vNkmR9tUz4Eubm2aP5Ynw.2","action":"GetUpdates Response", "result":"SYNCER_OK"}
{"logTime":"0322/195928","correlationVector":"r02Q3tEPlYpJEc4wEdGMJt.0","action":"FeedSettingFetch_homeCloud", "result":"0", "context":{}}
{"logTime":"0322/195928","correlationVector":"csxuR5HGux9I5Rgi+U6sOl","action":"Normal GetUpdate request", "result":""}
{"logTime":"0322/195928","correlationVector":"csxuR5HGux9I5Rgi+U6sOl.1","action":"SyncServerConnectionManagerRequest", "result":"SYNC_SERVER_OK", "context":{"environment":"48F630A6-CB1B-4CC7-86AF-0F6627234B58", "server":"AM3PEPF000009A2"}}
{"logTime":"0322/195928","correlationVector":"csxuR5HGux9I5Rgi+U6sOl.2","action":"GetUpdates Response", "result":"SYNCER_OK"}
{"logTime":"0524/130853","correlationVector":"9gsbNjKG7DXQ2BhbpASBkg.0","action":"FeedSettingFetch_homeCloud", "result":"0", "context":{}}
{"logTime":"0524/130853","correlationVector":"9gsbNjKG7DXQ2BhbpASBkg.0","action":"SyncServerConnectionManagerRequest", "result":"SYNC_SERVER_OK", "context":{"environment":"", "server":""}}
{"logTime":"0524/130853","correlationVector":"Xzc4KHpXXByJXbBqNFO3kd","action":"Initial GetUpdates", "result":""}
{"logTime":"0524/130854","correlationVector":"Xzc4KHpXXByJXbBqNFO3kd.1","action":"SyncServerConnectionManagerRequest", "result":"SYNC_SERVER_OK", "context":{"environment":"48F630A6-CB1B-4CC7-86AF-0F6627234B58", "server":"AM3PEPF00002C8C"}}
{"logTime":"0524/130854","correlationVector":"Xzc4KHpXXByJXbBqNFO3kd.2","action":"GetUpdates Response", "result":"SYNCER_OK"}
{"logTime":"0524/130854","correlationVector":"L2ne2IIVflm77Wl/aRbCUL","action":"Commit Request", "result":""}
{"logTime":"0524/130854","correlationVector":"L2ne2IIVflm77Wl/aRbCUL","action":"SyncServerConnectionManagerRequest", "result":"CONNECTION_UNAVAILABLE", "context":{"error_type":"net_error_code", "error_value":"-3"}}
{"logTime":"0526/140833","correlationVector":"9eQ5ZYgr54h4yNVhcr2mNq.0","action":"FeedSettingFetch_homeCloud", "result":"0", "context":{}}
{"logTime":"0526/140833","correlationVector":"9eQ5ZYgr54h4yNVhcr2mNq.0","action":"SyncServerConnectionManagerRequest", "result":"SYNC_SERVER_OK", "context":{"environment":"", "server":""}}
{"logTime":"0526/140833","correlationVector":"T+aVV5K83RGLiIdygE3h8A","action":"Initial GetUpdates", "result":""}
{"logTime":"0526/140834","correlationVector":"T+aVV5K83RGLiIdygE3h8A.1","action":"SyncServerConnectionManagerRequest", "result":"SYNC_SERVER_OK", "context":{"environment":"48F630A6-CB1B-4CC7-86AF-0F6627234B58", "server":"AM3PEPF0000098A"}}
{"logTime":"0526/140834","correlationVector":"T+aVV5K83RGLiIdygE3h8A.2","action":"GetUpdates Response", "result":"SYNCER_OK"}
{"logTime":"0526/140834","correlationVector":"/8ocA9RVN2Tb52jrAH6HxJ","action":"Normal GetUpdate request", "result":""}
{"logTime":"0526/140834","correlationVector":"/8ocA9RVN2Tb52jrAH6HxJ.1","action":"SyncServerConnectionManagerRequest", "result":"SYNC_SERVER_OK", "context":{"environment":"48F630A6-CB1B-4CC7-86AF-0F6627234B58", "server":"AM3PEPF0000098A"}}
{"logTime":"0526/140834","correlationVector":"/8ocA9RVN2Tb52jrAH6HxJ.2","action":"GetUpdates Response", "result":"SYNCER_OK"}
{"logTime":"0526/140834","correlationVector":"fczcFWt1E79BZqkE2bpcU9","action":"Commit Request", "result":""}
{"logTime":"0526/140834","correlationVector":"fczcFWt1E79BZqkE2bpcU9.1","action":"SyncServerConnectionManagerRequest", "result":"SYNC_SERVER_OK", "context":{"environment":"48F630A6-CB1B-4CC7-86AF-0F6627234B58", "server":"AM3PEPF0000098A"}}
{"logTime":"0526/140834","correlationVector":"fczcFWt1E79BZqkE2bpcU9.2","action":"Commit Response", "result":"SYNCER_OK"}
{"logTime":"0526/140834","correlationVector":"AWfTUf1RUJxTcCFJUW9RUb","action":"Normal GetUpdate request", "result":""}
{"logTime":"0526/140834","correlationVector":"AWfTUf1RUJxTcCFJUW9RUb.1","action":"SyncServerConnectionManagerRequest", "result":"SYNC_SERVER_OK", "context":{"environment":"48F630A6-CB1B-4CC7-86AF-0F6627234B58", "server":"AM3PEPF0000098A"}}
{"logTime":"0526/140834","correlationVector":"AWfTUf1RUJxTcCFJUW9RUb.2","action":"GetUpdates Response", "result":"SYNCER_OK"}
{"logTime":"0526/141157","correlationVector":"ov9aTC5q5yBPmT6X10cpe8","action":"Poll GetUpdate request", "result":""}
{"logTime":"0526/141157","correlationVector":"ov9aTC5q5yBPmT6X10cpe8.1","action":"SyncServerConnectionManagerRequest", "result":"SYNC_SERVER_OK", "context":{"environment":"48F630A6-CB1B-4CC7-86AF-0F6627234B58", "server":"AM3PEPF00000984"}}
{"logTime":"0526/141157","correlationVector":"ov9aTC5q5yBPmT6X10cpe8.2","action":"GetUpdates Response", "result":"SYNCER_OK"}
{"logTime":"0526/141201","correlationVector":"9Od+EU7P/XB70IyzlALl/F.0","action":"FeedSettingFetch_homeCloud", "result":"0", "context":{}}
{"logTime":"0526/141201","correlationVector":"gw3DApSjHPjuUuE/L++ZqI","action":"Initial GetUpdates", "result":""}
{"logTime":"0526/141201","correlationVector":"gw3DApSjHPjuUuE/L++ZqI.1","action":"SyncServerConnectionManagerRequest", "result":"SYNC_SERVER_OK", "context":{"environment":"48F630A6-CB1B-4CC7-86AF-0F6627234B58", "server":"AM3PEPF000009A2"}}
{"logTime":"0526/141201","correlationVector":"gw3DApSjHPjuUuE/L++ZqI.2","action":"GetUpdates Response", "result":"SYNCER_OK"}
{"logTime":"0526/141201","correlationVector":"BvvBHbVqzXn+ye5T20j2z9","action":"Normal GetUpdate request", "result":""}
{"logTime":"0526/141201","correlationVector":"BvvBHbVqzXn+ye5T20j2z9.1","action":"SyncServerConnectionManagerRequest", "result":"SYNC_SERVER_OK", "context":{"environment":"48F630A6-CB1B-4CC7-86AF-0F6627234B58", "server":"AM3PEPF000009A2"}}
{"logTime":"0526/141201","correlationVector":"BvvBHbVqzXn+ye5T20j2z9.2","action":"GetUpdates Response", "result":"SYNCER_OK"}
{"logTime":"0824/152619", "correlationVector":"V13IEJNdUwC5rZKPyZNDq/.0","action":"FeedSettingFetch_homeCloud", "result":"0", "context":{}}
{"logTime":"0824/152619", "correlationVector":"V13IEJNdUwC5rZKPyZNDq/.0","action":"SyncServerConnectionManagerRequest", "result":"SYNC_SERVER_OK", "context":{"environment":"", "server":""}}
{"logTime":"0824/152619", "correlationVector":"vtWyU/ruwB3TcELPt8ZRtD","action":"Normal GetUpdate request", "result":""}
{"logTime":"0824/152619", "correlationVector":"vtWyU/ruwB3TcELPt8ZRtD.1","action":"SyncServerConnectionManagerRequest", "result":"SYNC_SERVER_OK", "context":{"environment":"48F630A6-CB1B-4CC7-86AF-0F6627234B58", "server":"AM3PEPF0000097F"}}
{"logTime":"0824/152619", "correlationVector":"vtWyU/ruwB3TcELPt8ZRtD.2","action":"GetUpdates Response", "result":"SYNCER_OK"}
{"logTime":"0824/152619", "correlationVector":"nImCN9HlemtYn8E9CqkDJ2","action":"Commit Request", "result":""}
{"logTime":"0824/152619", "correlationVector":"nImCN9HlemtYn8E9CqkDJ2.1","action":"SyncServerConnectionManagerRequest", "result":"SYNC_SERVER_OK", "context":{"environment":"48F630A6-CB1B-4CC7-86AF-0F6627234B58", "server":"AM3PEPF0000097F"}}
{"logTime":"0824/152619", "correlationVector":"nImCN9HlemtYn8E9CqkDJ2.2","action":"Commit Response", "result":"SYNCER_OK"}
{"logTime":"0824/152620", "correlationVector":"RgYXANw/8uX8Q3pWEGvJV5","action":"Normal GetUpdate request", "result":""}
{"logTime":"0824/152620", "correlationVector":"RgYXANw/8uX8Q3pWEGvJV5.1","action":"SyncServerConnectionManagerRequest", "result":"SYNC_SERVER_OK", "context":{"environment":"48F630A6-CB1B-4CC7-86AF-0F6627234B58", "server":"AM3PEPF0000097F"}}
{"logTime":"0824/152620", "correlationVector":"RgYXANw/8uX8Q3pWEGvJV5.2","action":"GetUpdates Response", "result":"SYNCER_OK"}
{"logTime": "0914/153341", "correlationVector":"pYXwnkI5kcizmf/Op+QojM.0","action":"FeedSettingFetch_homeCloud", "result":"0", "context":{}}
{"logTime": "0914/153341", "correlationVector":"pYXwnkI5kcizmf/Op+QojM.0","action":"SyncServerConnectionManagerRequest", "result":"SYNC_SERVER_OK", "context":{"environment":"", "server":""}}
{"logTime": "0914/153341", "correlationVector":"QIkUziH8FEvfjflH5mLFA/","action":"Normal GetUpdate request", "result":""}
{"logTime": "0914/153341", "correlationVector":"QIkUziH8FEvfjflH5mLFA/.1","action":"SyncServerConnectionManagerRequest", "result":"SYNC_SERVER_OK", "context":{"environment":"48F630A6-CB1B-4CC7-86AF-0F6627234B58", "server":"AM3PEPF0000098D"}}
{"logTime": "0914/153341", "correlationVector":"QIkUziH8FEvfjflH5mLFA/.2","action":"GetUpdates Response", "result":"SERVER_MORE_TO_DOWNLOAD"}
{"logTime": "0914/153341", "correlationVector":"LZr7TA4LpPbtjwjgf/5mr9","action":"Normal GetUpdate request", "result":""}
{"logTime": "0914/153342", "correlationVector":"LZr7TA4LpPbtjwjgf/5mr9.1","action":"SyncServerConnectionManagerRequest", "result":"SYNC_SERVER_OK", "context":{"environment":"48F630A6-CB1B-4CC7-86AF-0F6627234B58", "server":"AM3PEPF0000098D"}}
{"logTime": "0914/153342", "correlationVector":"LZr7TA4LpPbtjwjgf/5mr9.2","action":"GetUpdates Response", "result":"SYNCER_OK"}
{"logTime": "0914/153342", "correlationVector":"Zu0rm3Pr7UU3LyMFOaJKRJ","action":"Commit Request", "result":""}
{"logTime": "0914/153342", "correlationVector":"Zu0rm3Pr7UU3LyMFOaJKRJ","action":"SyncServerConnectionManagerRequest", "result":"CONNECTION_UNAVAILABLE", "context":{"error_type":"net_error_code", "error_value":"-3"}}
{"logTime": "0914/153349", "correlationVector":"WyNUsT5eGxR4Vg/Qi7YuNa.0","action":"FeedSettingFetch_homeCloud", "result":"0", "context":{}}
{"logTime": "0914/153349", "correlationVector":"hEJ3/bKMeLvouodUjiKZxc","action":"Normal GetUpdate request", "result":""}
{"logTime": "0914/153349", "correlationVector":"hEJ3/bKMeLvouodUjiKZxc.1","action":"SyncServerConnectionManagerRequest", "result":"SYNC_SERVER_OK", "context":{"environment":"48F630A6-CB1B-4CC7-86AF-0F6627234B58", "server":"AM3PEPF00000989"}}
{"logTime": "0914/153349", "correlationVector":"hEJ3/bKMeLvouodUjiKZxc.2","action":"GetUpdates Response", "result":"SYNCER_OK"}
{"logTime": "0914/153748", "correlationVector":"KfiC9B1ckWG7kt4j8vQoFz","action":"Poll GetUpdate request", "result":""}
{"logTime": "0914/153748", "correlationVector":"KfiC9B1ckWG7kt4j8vQoFz.1","action":"SyncServerConnectionManagerRequest", "result":"SYNC_SERVER_OK", "context":{"environment":"48F630A6-CB1B-4CC7-86AF-0F6627234B58", "server":"AM3PEPF000009AA"}}
{"logTime": "0914/153748", "correlationVector":"KfiC9B1ckWG7kt4j8vQoFz.2","action":"GetUpdates Response", "result":"SYNCER_OK"}
{"logTime": "0914/154428", "correlationVector":"ouV/uZW2pvXqq4peVn9+Xx.0","action":"FeedSettingFetch_homeCloud", "result":"0", "context":{}}
{"logTime": "0914/154428", "correlationVector":"3RFM4YrCdvfV8M4aeywi5U","action":"Normal GetUpdate request", "result":""}
{"logTime": "0914/154428", "correlationVector":"3RFM4YrCdvfV8M4aeywi5U.1","action":"SyncServerConnectionManagerRequest", "result":"SYNC_SERVER_OK", "context":{"environment":"48F630A6-CB1B-4CC7-86AF-0F6627234B58", "server":"AM3PEPF00000992"}}
{"logTime": "0914/154428", "correlationVector":"3RFM4YrCdvfV8M4aeywi5U.2","action":"GetUpdates Response", "result":"SYNCER_OK"}
{"logTime": "0914/160622", "correlationVector":"5LXUJws18I+sPkrUZKzZtL.0","action":"FeedSettingFetch_homeCloud", "result":"0", "context":{}}
{"logTime": "0914/160622", "correlationVector":"Rs9Blb+s91by3MVL5JOQ+C","action":"Normal GetUpdate request", "result":""}
{"logTime": "0914/160622", "correlationVector":"Rs9Blb+s91by3MVL5JOQ+C.1","action":"SyncServerConnectionManagerRequest", "result":"SYNC_SERVER_OK", "context":{"environment":"48F630A6-CB1B-4CC7-86AF-0F6627234B58", "server":"AM3PEPF0000098D"}}
{"logTime": "0914/160622", "correlationVector":"Rs9Blb+s91by3MVL5JOQ+C.2","action":"GetUpdates Response", "result":"SYNCER_OK"}
{"logTime": "1002/162854", "correlationVector":"glrtteV9LLgoJU+bnsOGXV.0","action":"FeedSettingFetch_homeCloud", "result":"0", "context":{}}
{"logTime": "1002/162854", "correlationVector":"glrtteV9LLgoJU+bnsOGXV.0","action":"SyncServerConnectionManagerRequest", "result":"SYNC_SERVER_OK", "context":{"environment":"", "server":""}}
{"logTime": "1002/162854", "correlationVector":"Rt0gszROwUBfnfibOuuYOo","action":"Normal GetUpdate request", "result":""}
{"logTime": "1002/162854", "correlationVector":"Rt0gszROwUBfnfibOuuYOo.1","action":"SyncServerConnectionManagerRequest", "result":"SYNC_SERVER_OK", "context":{"environment":"48F630A6-CB1B-4CC7-86AF-0F6627234B58", "server":"AM3PEPF000009A8"}}
{"logTime": "1002/162854", "correlationVector":"Rt0gszROwUBfnfibOuuYOo.2","action":"GetUpdates Response", "result":"SYNCER_OK"}
{"logTime": "1002/162855", "correlationVector":"TrnKCbsOsD8sCj00BR5sQt","action":"Commit Request", "result":""}
{"logTime": "1002/162855", "correlationVector":"TrnKCbsOsD8sCj00BR5sQt.1","action":"SyncServerConnectionManagerRequest", "result":"SYNC_SERVER_OK", "context":{"environment":"48F630A6-CB1B-4CC7-86AF-0F6627234B58", "server":"AM3PEPF000009A8"}}
{"logTime": "1002/162855", "correlationVector":"TrnKCbsOsD8sCj00BR5sQt.2","action":"Commit Response", "result":"SYNCER_OK"}
{"logTime": "1002/162855", "correlationVector":"vPyK0EEc2sL4q5T8/hZ50b","action":"Normal GetUpdate request", "result":""}
{"logTime": "1002/162855", "correlationVector":"vPyK0EEc2sL4q5T8/hZ50b.1","action":"SyncServerConnectionManagerRequest", "result":"SYNC_SERVER_OK", "context":{"environment":"48F630A6-CB1B-4CC7-86AF-0F6627234B58", "server":"AM3PEPF000009A8"}}
{"logTime": "1002/162855", "correlationVector":"vPyK0EEc2sL4q5T8/hZ50b.2","action":"GetUpdates Response", "result":"SYNCER_OK"}
{"logTime": "1002/163150", "correlationVector":"LTNJgrQfr44JtCkK9tDoGO","action":"Poll GetUpdate request", "result":""}
{"logTime": "1002/163150", "correlationVector":"LTNJgrQfr44JtCkK9tDoGO.1","action":"SyncServerConnectionManagerRequest", "result":"SYNC_SERVER_OK", "context":{"environment":"48F630A6-CB1B-4CC7-86AF-0F6627234B58", "server":"AM3PEPF0000097D"}}
{"logTime": "1002/163150", "correlationVector":"LTNJgrQfr44JtCkK9tDoGO.2","action":"GetUpdates Response", "result":"SYNCER_OK"}
{"logTime": "1009/191511", "correlationVector":"LHSOHKxRkJEpDOMJhypKt9.0","action":"FeedSettingFetch_homeCloud", "result":"0", "context":{}}
{"logTime": "1009/191512", "correlationVector":"LHSOHKxRkJEpDOMJhypKt9.0","action":"SyncServerConnectionManagerRequest", "result":"SYNC_SERVER_OK", "context":{"environment":"", "server":""}}
{"logTime": "1009/191512", "correlationVector":"CtF8GPyRei8cFnXIk0n6NN","action":"Normal GetUpdate request", "result":""}
{"logTime": "1009/191512", "correlationVector":"CtF8GPyRei8cFnXIk0n6NN.1","action":"SyncServerConnectionManagerRequest", "result":"SYNC_SERVER_OK", "context":{"environment":"48F630A6-CB1B-4CC7-86AF-0F6627234B58", "server":"AM3PEPF0000098B"}}
{"logTime": "1009/191512", "correlationVector":"CtF8GPyRei8cFnXIk0n6NN.2","action":"GetUpdates Response", "result":"SYNCER_OK"}
{"logTime": "1009/191512", "correlationVector":"5tv0v/qRB+M419z6Kc7GUV","action":"Commit Request", "result":""}
{"logTime": "1009/191512", "correlationVector":"5tv0v/qRB+M419z6Kc7GUV.1","action":"SyncServerConnectionManagerRequest", "result":"SYNC_SERVER_OK", "context":{"environment":"48F630A6-CB1B-4CC7-86AF-0F6627234B58", "server":"AM3PEPF0000098B"}}
{"logTime": "1009/191512", "correlationVector":"5tv0v/qRB+M419z6Kc7GUV.2","action":"Commit Response", "result":"SYNCER_OK"}
{"logTime": "1009/191512", "correlationVector":"XlCI+kcufxTE9wBs9l+k76","action":"Normal GetUpdate request", "result":""}
{"logTime": "1009/191512", "correlationVector":"XlCI+kcufxTE9wBs9l+k76.1","action":"SyncServerConnectionManagerRequest", "result":"SYNC_SERVER_OK", "context":{"environment":"48F630A6-CB1B-4CC7-86AF-0F6627234B58", "server":"AM3PEPF0000098B"}}
{"logTime": "1009/191512", "correlationVector":"XlCI+kcufxTE9wBs9l+k76.2","action":"GetUpdates Response", "result":"SYNCER_OK"}
